20 Apr 25, 16:02:00 - django.request[ERROR]: Internal Server Error: /api/auth/pacient/
Traceback (most recent call last):
  File "/home/cezar_palagesiu/anaconda3/envs/stem_milano/lib/python3.7/site-packages/django/core/handlers/exception.py", line 34, in inner
    response = get_response(request)
  File "/home/cezar_palagesiu/anaconda3/envs/stem_milano/lib/python3.7/site-packages/django/core/handlers/base.py", line 145, in _get_response
    response = self.process_exception_by_middleware(e, request)
  File "/home/cezar_palagesiu/anaconda3/envs/stem_milano/lib/python3.7/site-packages/django/core/handlers/base.py", line 143, in _get_response
    response = response.render()
  File "/home/cezar_palagesiu/anaconda3/envs/stem_milano/lib/python3.7/site-packages/django/template/response.py", line 106, in render
    self.content = self.rendered_content
  File "/home/cezar_palagesiu/anaconda3/envs/stem_milano/lib/python3.7/site-packages/rest_framework/response.py", line 70, in rendered_content
    ret = renderer.render(self.data, accepted_media_type, context)
  File "/home/cezar_palagesiu/anaconda3/envs/stem_milano/lib/python3.7/site-packages/rest_framework/renderers.py", line 724, in render
    context = self.get_context(data, accepted_media_type, renderer_context)
  File "/home/cezar_palagesiu/anaconda3/envs/stem_milano/lib/python3.7/site-packages/rest_framework/renderers.py", line 696, in get_context
    'post_form': self.get_rendered_html_form(data, view, 'POST', request),
  File "/home/cezar_palagesiu/anaconda3/envs/stem_milano/lib/python3.7/site-packages/rest_framework/renderers.py", line 511, in get_rendered_html_form
    return self.render_form_for_serializer(serializer)
  File "/home/cezar_palagesiu/anaconda3/envs/stem_milano/lib/python3.7/site-packages/rest_framework/renderers.py", line 521, in render_form_for_serializer
    {'style': {'template_pack': 'rest_framework/horizontal'}}
  File "/home/cezar_palagesiu/anaconda3/envs/stem_milano/lib/python3.7/site-packages/rest_framework/renderers.py", line 372, in render
    return template.render(context)
  File "/home/cezar_palagesiu/anaconda3/envs/stem_milano/lib/python3.7/site-packages/django/template/backends/django.py", line 61, in render
    return self.template.render(context)
  File "/home/cezar_palagesiu/anaconda3/envs/stem_milano/lib/python3.7/site-packages/django/template/base.py", line 171, in render
    return self._render(context)
  File "/home/cezar_palagesiu/anaconda3/envs/stem_milano/lib/python3.7/site-packages/django/template/base.py", line 163, in _render
    return self.nodelist.render(context)
  File "/home/cezar_palagesiu/anaconda3/envs/stem_milano/lib/python3.7/site-packages/django/template/base.py", line 937, in render
    bit = node.render_annotated(context)
  File "/home/cezar_palagesiu/anaconda3/envs/stem_milano/lib/python3.7/site-packages/django/template/base.py", line 904, in render_annotated
    return self.render(context)
  File "/home/cezar_palagesiu/anaconda3/envs/stem_milano/lib/python3.7/site-packages/django/template/defaulttags.py", line 209, in render
    nodelist.append(node.render_annotated(context))
  File "/home/cezar_palagesiu/anaconda3/envs/stem_milano/lib/python3.7/site-packages/django/template/base.py", line 904, in render_annotated
    return self.render(context)
  File "/home/cezar_palagesiu/anaconda3/envs/stem_milano/lib/python3.7/site-packages/django/template/defaulttags.py", line 309, in render
    return nodelist.render(context)
  File "/home/cezar_palagesiu/anaconda3/envs/stem_milano/lib/python3.7/site-packages/django/template/base.py", line 937, in render
    bit = node.render_annotated(context)
  File "/home/cezar_palagesiu/anaconda3/envs/stem_milano/lib/python3.7/site-packages/django/template/base.py", line 904, in render_annotated
    return self.render(context)
  File "/home/cezar_palagesiu/anaconda3/envs/stem_milano/lib/python3.7/site-packages/django/template/library.py", line 192, in render
    output = self.func(*resolved_args, **resolved_kwargs)
  File "/home/cezar_palagesiu/anaconda3/envs/stem_milano/lib/python3.7/site-packages/rest_framework/templatetags/rest_framework.py", line 87, in render_field
    return renderer.render_field(field, style)
  File "/home/cezar_palagesiu/anaconda3/envs/stem_milano/lib/python3.7/site-packages/rest_framework/renderers.py", line 351, in render_field
    return template.render(context)
  File "/home/cezar_palagesiu/anaconda3/envs/stem_milano/lib/python3.7/site-packages/django/template/backends/django.py", line 61, in render
    return self.template.render(context)
  File "/home/cezar_palagesiu/anaconda3/envs/stem_milano/lib/python3.7/site-packages/django/template/base.py", line 171, in render
    return self._render(context)
  File "/home/cezar_palagesiu/anaconda3/envs/stem_milano/lib/python3.7/site-packages/django/template/base.py", line 163, in _render
    return self.nodelist.render(context)
  File "/home/cezar_palagesiu/anaconda3/envs/stem_milano/lib/python3.7/site-packages/django/template/base.py", line 937, in render
    bit = node.render_annotated(context)
  File "/home/cezar_palagesiu/anaconda3/envs/stem_milano/lib/python3.7/site-packages/django/template/base.py", line 904, in render_annotated
    return self.render(context)
  File "/home/cezar_palagesiu/anaconda3/envs/stem_milano/lib/python3.7/site-packages/django/template/defaulttags.py", line 209, in render
    nodelist.append(node.render_annotated(context))
  File "/home/cezar_palagesiu/anaconda3/envs/stem_milano/lib/python3.7/site-packages/django/template/base.py", line 904, in render_annotated
    return self.render(context)
  File "/home/cezar_palagesiu/anaconda3/envs/stem_milano/lib/python3.7/site-packages/django/template/defaulttags.py", line 309, in render
    return nodelist.render(context)
  File "/home/cezar_palagesiu/anaconda3/envs/stem_milano/lib/python3.7/site-packages/django/template/base.py", line 937, in render
    bit = node.render_annotated(context)
  File "/home/cezar_palagesiu/anaconda3/envs/stem_milano/lib/python3.7/site-packages/django/template/base.py", line 904, in render_annotated
    return self.render(context)
  File "/home/cezar_palagesiu/anaconda3/envs/stem_milano/lib/python3.7/site-packages/django/template/base.py", line 993, in render
    return render_value_in_context(output, context)
  File "/home/cezar_palagesiu/anaconda3/envs/stem_milano/lib/python3.7/site-packages/django/template/base.py", line 972, in render_value_in_context
    value = str(value)
  File "/home/cezar_palagesiu/anaconda3/envs/stem_milano/lib/python3.7/site-packages/django/utils/functional.py", line 156, in __text_cast
    return func(*self.__args, **self.__kw)
TypeError: gettext() takes 1 positional argument but 2 were given
20 Apr 25, 16:02:37 - django.request[ERROR]: Internal Server Error: /api/auth/pacient/
Traceback (most recent call last):
  File "/home/cezar_palagesiu/anaconda3/envs/stem_milano/lib/python3.7/site-packages/django/core/handlers/exception.py", line 34, in inner
    response = get_response(request)
  File "/home/cezar_palagesiu/anaconda3/envs/stem_milano/lib/python3.7/site-packages/django/core/handlers/base.py", line 145, in _get_response
    response = self.process_exception_by_middleware(e, request)
  File "/home/cezar_palagesiu/anaconda3/envs/stem_milano/lib/python3.7/site-packages/django/core/handlers/base.py", line 143, in _get_response
    response = response.render()
  File "/home/cezar_palagesiu/anaconda3/envs/stem_milano/lib/python3.7/site-packages/django/template/response.py", line 106, in render
    self.content = self.rendered_content
  File "/home/cezar_palagesiu/anaconda3/envs/stem_milano/lib/python3.7/site-packages/rest_framework/response.py", line 70, in rendered_content
    ret = renderer.render(self.data, accepted_media_type, context)
  File "/home/cezar_palagesiu/anaconda3/envs/stem_milano/lib/python3.7/site-packages/rest_framework/renderers.py", line 724, in render
    context = self.get_context(data, accepted_media_type, renderer_context)
  File "/home/cezar_palagesiu/anaconda3/envs/stem_milano/lib/python3.7/site-packages/rest_framework/renderers.py", line 696, in get_context
    'post_form': self.get_rendered_html_form(data, view, 'POST', request),
  File "/home/cezar_palagesiu/anaconda3/envs/stem_milano/lib/python3.7/site-packages/rest_framework/renderers.py", line 511, in get_rendered_html_form
    return self.render_form_for_serializer(serializer)
  File "/home/cezar_palagesiu/anaconda3/envs/stem_milano/lib/python3.7/site-packages/rest_framework/renderers.py", line 521, in render_form_for_serializer
    {'style': {'template_pack': 'rest_framework/horizontal'}}
  File "/home/cezar_palagesiu/anaconda3/envs/stem_milano/lib/python3.7/site-packages/rest_framework/renderers.py", line 372, in render
    return template.render(context)
  File "/home/cezar_palagesiu/anaconda3/envs/stem_milano/lib/python3.7/site-packages/django/template/backends/django.py", line 61, in render
    return self.template.render(context)
  File "/home/cezar_palagesiu/anaconda3/envs/stem_milano/lib/python3.7/site-packages/django/template/base.py", line 171, in render
    return self._render(context)
  File "/home/cezar_palagesiu/anaconda3/envs/stem_milano/lib/python3.7/site-packages/django/template/base.py", line 163, in _render
    return self.nodelist.render(context)
  File "/home/cezar_palagesiu/anaconda3/envs/stem_milano/lib/python3.7/site-packages/django/template/base.py", line 937, in render
    bit = node.render_annotated(context)
  File "/home/cezar_palagesiu/anaconda3/envs/stem_milano/lib/python3.7/site-packages/django/template/base.py", line 904, in render_annotated
    return self.render(context)
  File "/home/cezar_palagesiu/anaconda3/envs/stem_milano/lib/python3.7/site-packages/django/template/defaulttags.py", line 209, in render
    nodelist.append(node.render_annotated(context))
  File "/home/cezar_palagesiu/anaconda3/envs/stem_milano/lib/python3.7/site-packages/django/template/base.py", line 904, in render_annotated
    return self.render(context)
  File "/home/cezar_palagesiu/anaconda3/envs/stem_milano/lib/python3.7/site-packages/django/template/defaulttags.py", line 309, in render
    return nodelist.render(context)
  File "/home/cezar_palagesiu/anaconda3/envs/stem_milano/lib/python3.7/site-packages/django/template/base.py", line 937, in render
    bit = node.render_annotated(context)
  File "/home/cezar_palagesiu/anaconda3/envs/stem_milano/lib/python3.7/site-packages/django/template/base.py", line 904, in render_annotated
    return self.render(context)
  File "/home/cezar_palagesiu/anaconda3/envs/stem_milano/lib/python3.7/site-packages/django/template/library.py", line 192, in render
    output = self.func(*resolved_args, **resolved_kwargs)
  File "/home/cezar_palagesiu/anaconda3/envs/stem_milano/lib/python3.7/site-packages/rest_framework/templatetags/rest_framework.py", line 87, in render_field
    return renderer.render_field(field, style)
  File "/home/cezar_palagesiu/anaconda3/envs/stem_milano/lib/python3.7/site-packages/rest_framework/renderers.py", line 351, in render_field
    return template.render(context)
  File "/home/cezar_palagesiu/anaconda3/envs/stem_milano/lib/python3.7/site-packages/django/template/backends/django.py", line 61, in render
    return self.template.render(context)
  File "/home/cezar_palagesiu/anaconda3/envs/stem_milano/lib/python3.7/site-packages/django/template/base.py", line 171, in render
    return self._render(context)
  File "/home/cezar_palagesiu/anaconda3/envs/stem_milano/lib/python3.7/site-packages/django/template/base.py", line 163, in _render
    return self.nodelist.render(context)
  File "/home/cezar_palagesiu/anaconda3/envs/stem_milano/lib/python3.7/site-packages/django/template/base.py", line 937, in render
    bit = node.render_annotated(context)
  File "/home/cezar_palagesiu/anaconda3/envs/stem_milano/lib/python3.7/site-packages/django/template/base.py", line 904, in render_annotated
    return self.render(context)
  File "/home/cezar_palagesiu/anaconda3/envs/stem_milano/lib/python3.7/site-packages/django/template/defaulttags.py", line 209, in render
    nodelist.append(node.render_annotated(context))
  File "/home/cezar_palagesiu/anaconda3/envs/stem_milano/lib/python3.7/site-packages/django/template/base.py", line 904, in render_annotated
    return self.render(context)
  File "/home/cezar_palagesiu/anaconda3/envs/stem_milano/lib/python3.7/site-packages/django/template/defaulttags.py", line 309, in render
    return nodelist.render(context)
  File "/home/cezar_palagesiu/anaconda3/envs/stem_milano/lib/python3.7/site-packages/django/template/base.py", line 937, in render
    bit = node.render_annotated(context)
  File "/home/cezar_palagesiu/anaconda3/envs/stem_milano/lib/python3.7/site-packages/django/template/base.py", line 904, in render_annotated
    return self.render(context)
  File "/home/cezar_palagesiu/anaconda3/envs/stem_milano/lib/python3.7/site-packages/django/template/base.py", line 993, in render
    return render_value_in_context(output, context)
  File "/home/cezar_palagesiu/anaconda3/envs/stem_milano/lib/python3.7/site-packages/django/template/base.py", line 972, in render_value_in_context
    value = str(value)
  File "/home/cezar_palagesiu/anaconda3/envs/stem_milano/lib/python3.7/site-packages/django/utils/functional.py", line 156, in __text_cast
    return func(*self.__args, **self.__kw)
TypeError: gettext() takes 1 positional argument but 2 were given
20 Apr 25, 16:08:14 - django.request[ERROR]: Internal Server Error: /api/auth/doctor/
Traceback (most recent call last):
  File "/home/cezar_palagesiu/anaconda3/envs/stem_milano/lib/python3.7/site-packages/django/db/backends/utils.py", line 84, in _execute
    return self.cursor.execute(sql, params)
psycopg2.errors.UndefinedColumn: column Accounts_doctor.hospital does not exist
LINE 1: ...ounts_doctor"."user_id", "Accounts_doctor"."sex", "Accounts_...
                                                             ^


The above exception was the direct cause of the following exception:

Traceback (most recent call last):
  File "/home/cezar_palagesiu/anaconda3/envs/stem_milano/lib/python3.7/site-packages/django/core/handlers/exception.py", line 34, in inner
    response = get_response(request)
  File "/home/cezar_palagesiu/anaconda3/envs/stem_milano/lib/python3.7/site-packages/django/core/handlers/base.py", line 115, in _get_response
    response = self.process_exception_by_middleware(e, request)
  File "/home/cezar_palagesiu/anaconda3/envs/stem_milano/lib/python3.7/site-packages/django/core/handlers/base.py", line 113, in _get_response
    response = wrapped_callback(request, *callback_args, **callback_kwargs)
  File "/home/cezar_palagesiu/anaconda3/envs/stem_milano/lib/python3.7/site-packages/django/views/decorators/csrf.py", line 54, in wrapped_view
    return view_func(*args, **kwargs)
  File "/home/cezar_palagesiu/anaconda3/envs/stem_milano/lib/python3.7/site-packages/rest_framework/viewsets.py", line 114, in view
    return self.dispatch(request, *args, **kwargs)
  File "/home/cezar_palagesiu/anaconda3/envs/stem_milano/lib/python3.7/site-packages/rest_framework/views.py", line 505, in dispatch
    response = self.handle_exception(exc)
  File "/home/cezar_palagesiu/anaconda3/envs/stem_milano/lib/python3.7/site-packages/rest_framework/views.py", line 465, in handle_exception
    self.raise_uncaught_exception(exc)
  File "/home/cezar_palagesiu/anaconda3/envs/stem_milano/lib/python3.7/site-packages/rest_framework/views.py", line 476, in raise_uncaught_exception
    raise exc
  File "/home/cezar_palagesiu/anaconda3/envs/stem_milano/lib/python3.7/site-packages/rest_framework/views.py", line 502, in dispatch
    response = handler(request, *args, **kwargs)
  File "/home/cezar_palagesiu/anaconda3/envs/stem_milano/lib/python3.7/site-packages/rest_framework/mixins.py", line 46, in list
    return Response(serializer.data)
  File "/home/cezar_palagesiu/anaconda3/envs/stem_milano/lib/python3.7/site-packages/rest_framework/serializers.py", line 760, in data
    ret = super().data
  File "/home/cezar_palagesiu/anaconda3/envs/stem_milano/lib/python3.7/site-packages/rest_framework/serializers.py", line 260, in data
    self._data = self.to_representation(self.instance)
  File "/home/cezar_palagesiu/anaconda3/envs/stem_milano/lib/python3.7/site-packages/rest_framework/serializers.py", line 678, in to_representation
    self.child.to_representation(item) for item in iterable
  File "/home/cezar_palagesiu/anaconda3/envs/stem_milano/lib/python3.7/site-packages/django/db/models/query.py", line 274, in __iter__
    self._fetch_all()
  File "/home/cezar_palagesiu/anaconda3/envs/stem_milano/lib/python3.7/site-packages/django/db/models/query.py", line 1242, in _fetch_all
    self._result_cache = list(self._iterable_class(self))
  File "/home/cezar_palagesiu/anaconda3/envs/stem_milano/lib/python3.7/site-packages/django/db/models/query.py", line 55, in __iter__
    results = compiler.execute_sql(chunked_fetch=self.chunked_fetch, chunk_size=self.chunk_size)
  File "/home/cezar_palagesiu/anaconda3/envs/stem_milano/lib/python3.7/site-packages/django/db/models/sql/compiler.py", line 1133, in execute_sql
    cursor.execute(sql, params)
  File "/home/cezar_palagesiu/anaconda3/envs/stem_milano/lib/python3.7/site-packages/django/db/backends/utils.py", line 99, in execute
    return super().execute(sql, params)
  File "/home/cezar_palagesiu/anaconda3/envs/stem_milano/lib/python3.7/site-packages/django/db/backends/utils.py", line 67, in execute
    return self._execute_with_wrappers(sql, params, many=False, executor=self._execute)
  File "/home/cezar_palagesiu/anaconda3/envs/stem_milano/lib/python3.7/site-packages/django/db/backends/utils.py", line 76, in _execute_with_wrappers
    return executor(sql, params, many, context)
  File "/home/cezar_palagesiu/anaconda3/envs/stem_milano/lib/python3.7/site-packages/django/db/backends/utils.py", line 84, in _execute
    return self.cursor.execute(sql, params)
  File "/home/cezar_palagesiu/anaconda3/envs/stem_milano/lib/python3.7/site-packages/django/db/utils.py", line 89, in __exit__
    raise dj_exc_value.with_traceback(traceback) from exc_value
  File "/home/cezar_palagesiu/anaconda3/envs/stem_milano/lib/python3.7/site-packages/django/db/backends/utils.py", line 84, in _execute
    return self.cursor.execute(sql, params)
django.db.utils.ProgrammingError: column Accounts_doctor.hospital does not exist
LINE 1: ...ounts_doctor"."user_id", "Accounts_doctor"."sex", "Accounts_...
                                                             ^

20 Apr 25, 16:25:05 - django.request[WARNING]: Not Found: /api/auth/appp
20 Apr 25, 16:44:14 - django.request[WARNING]: Bad Request: /api/auth/pacient/
20 Apr 25, 16:44:42 - django.request[WARNING]: Not Found: /api/auth/pacient/2/
20 Apr 25, 16:45:49 - django.request[ERROR]: Internal Server Error: /api/auth/pacient/1/
Traceback (most recent call last):
  File "/home/cezar_palagesiu/anaconda3/envs/stem_milano/lib/python3.7/site-packages/django/core/handlers/exception.py", line 34, in inner
    response = get_response(request)
  File "/home/cezar_palagesiu/anaconda3/envs/stem_milano/lib/python3.7/site-packages/django/core/handlers/base.py", line 115, in _get_response
    response = self.process_exception_by_middleware(e, request)
  File "/home/cezar_palagesiu/anaconda3/envs/stem_milano/lib/python3.7/site-packages/django/core/handlers/base.py", line 113, in _get_response
    response = wrapped_callback(request, *callback_args, **callback_kwargs)
  File "/home/cezar_palagesiu/anaconda3/envs/stem_milano/lib/python3.7/site-packages/django/views/decorators/csrf.py", line 54, in wrapped_view
    return view_func(*args, **kwargs)
  File "/home/cezar_palagesiu/anaconda3/envs/stem_milano/lib/python3.7/site-packages/rest_framework/viewsets.py", line 114, in view
    return self.dispatch(request, *args, **kwargs)
  File "/home/cezar_palagesiu/anaconda3/envs/stem_milano/lib/python3.7/site-packages/rest_framework/views.py", line 505, in dispatch
    response = self.handle_exception(exc)
  File "/home/cezar_palagesiu/anaconda3/envs/stem_milano/lib/python3.7/site-packages/rest_framework/views.py", line 465, in handle_exception
    self.raise_uncaught_exception(exc)
  File "/home/cezar_palagesiu/anaconda3/envs/stem_milano/lib/python3.7/site-packages/rest_framework/views.py", line 476, in raise_uncaught_exception
    raise exc
  File "/home/cezar_palagesiu/anaconda3/envs/stem_milano/lib/python3.7/site-packages/rest_framework/views.py", line 502, in dispatch
    response = handler(request, *args, **kwargs)
  File "/home/cezar_palagesiu/anaconda3/envs/stem_milano/lib/python3.7/site-packages/rest_framework/mixins.py", line 54, in retrieve
    instance = self.get_object()
  File "/home/cezar_palagesiu/anaconda3/envs/stem_milano/lib/python3.7/site-packages/rest_framework/generics.py", line 96, in get_object
    obj = get_object_or_404(queryset, **filter_kwargs)
  File "/home/cezar_palagesiu/anaconda3/envs/stem_milano/lib/python3.7/site-packages/rest_framework/generics.py", line 19, in get_object_or_404
    return _get_object_or_404(queryset, *filter_args, **filter_kwargs)
  File "/home/cezar_palagesiu/anaconda3/envs/stem_milano/lib/python3.7/site-packages/django/shortcuts.py", line 93, in get_object_or_404
    return queryset.get(*args, **kwargs)
  File "/home/cezar_palagesiu/anaconda3/envs/stem_milano/lib/python3.7/site-packages/django/db/models/query.py", line 399, in get
    clone = self.filter(*args, **kwargs)
  File "/home/cezar_palagesiu/anaconda3/envs/stem_milano/lib/python3.7/site-packages/django/db/models/query.py", line 892, in filter
    return self._filter_or_exclude(False, *args, **kwargs)
  File "/home/cezar_palagesiu/anaconda3/envs/stem_milano/lib/python3.7/site-packages/django/db/models/query.py", line 910, in _filter_or_exclude
    clone.query.add_q(Q(*args, **kwargs))
  File "/home/cezar_palagesiu/anaconda3/envs/stem_milano/lib/python3.7/site-packages/django/db/models/sql/query.py", line 1290, in add_q
    clause, _ = self._add_q(q_object, self.used_aliases)
  File "/home/cezar_palagesiu/anaconda3/envs/stem_milano/lib/python3.7/site-packages/django/db/models/sql/query.py", line 1318, in _add_q
    split_subq=split_subq, simple_col=simple_col,
  File "/home/cezar_palagesiu/anaconda3/envs/stem_milano/lib/python3.7/site-packages/django/db/models/sql/query.py", line 1190, in build_filter
    lookups, parts, reffed_expression = self.solve_lookup_type(arg)
  File "/home/cezar_palagesiu/anaconda3/envs/stem_milano/lib/python3.7/site-packages/django/db/models/sql/query.py", line 1049, in solve_lookup_type
    _, field, _, lookup_parts = self.names_to_path(lookup_splitted, self.get_meta())
  File "/home/cezar_palagesiu/anaconda3/envs/stem_milano/lib/python3.7/site-packages/django/db/models/sql/query.py", line 1420, in names_to_path
    "Choices are: %s" % (name, ", ".join(available)))
django.core.exceptions.FieldError: Cannot resolve keyword 'pacient_id' into field. Choices are: analize, blood_transfuzion, buletin_picture, caption, cnp, id, profile_picture, sex, user, user_id
20 May 09, 23:08:32 - django.request[WARNING]: Not Found: /
20 May 09, 23:08:39 - django.request[WARNING]: Not Found: /favicon.ico
20 May 09, 23:27:32 - django.request[ERROR]: Internal Server Error: /api/users
Traceback (most recent call last):
  File "/home/cezar_palagesiu/anaconda3/envs/stem_milano/lib/python3.7/site-packages/django/core/handlers/exception.py", line 34, in inner
    response = get_response(request)
  File "/home/cezar_palagesiu/anaconda3/envs/stem_milano/lib/python3.7/site-packages/django/utils/deprecation.py", line 93, in __call__
    response = self.process_request(request)
  File "/home/cezar_palagesiu/anaconda3/envs/stem_milano/lib/python3.7/site-packages/django/middleware/common.py", line 53, in process_request
    path = self.get_full_path_with_slash(request)
  File "/home/cezar_palagesiu/anaconda3/envs/stem_milano/lib/python3.7/site-packages/django/middleware/common.py", line 93, in get_full_path_with_slash
    'url': request.get_host() + new_path,
RuntimeError: You called this URL via POST, but the URL doesn't end in a slash and you have APPEND_SLASH set. Django can't redirect to the slash URL while maintaining POST data. Change your form to point to localhost:8000/api/users/ (note the trailing slash), or set APPEND_SLASH=False in your Django settings.
20 May 09, 23:29:58 - django.request[WARNING]: Method Not Allowed: /api/auth/register/
